Traceback (most recent call last):
  File "/media/ruben/data/documents/unief/thesis/thesis_manta_ray/evolution_simulation.py", line 301, in <module>
    sim.run()
  File "/media/ruben/data/documents/unief/thesis/thesis_manta_ray/evolution_simulation.py", line 187, in run
    self.run_generation(generation=gen)
  File "/media/ruben/data/documents/unief/thesis/thesis_manta_ray/evolution_simulation.py", line 177, in run_generation
    reward = self.run_episode_parallel(generation=generation, episode=agent)
  File "/media/ruben/data/documents/unief/thesis/thesis_manta_ray/evolution_simulation.py", line 156, in run_episode_parallel
    self.run_episode_single(generation=generation,
  File "/media/ruben/data/documents/unief/thesis/thesis_manta_ray/evolution_simulation.py", line 128, in run_episode_single
    assert np.all(normalised_action >= 0) and np.all(normalised_action <= 1), "Action is not in [0, 1]"
AssertionError: Action is not in [0, 1]