2024-01-24 12:25:45,991 INFO    StreamThr :211937 [internal.py:wandb_internal():86] W&B internal server running at pid: 211937, started at: 2024-01-24 12:25:45.990724
2024-01-24 12:25:45,993 DEBUG   HandlerThread:211937 [handler.py:handle_request():146] handle_request: status
2024-01-24 12:25:45,999 INFO    WriterThread:211937 [datastore.py:open_for_write():87] open: /media/ruben/data/documents/unief/thesis/thesis_manta_ray/wandb/run-20240124_122545-ovoju8vt/run-ovoju8vt.wandb
2024-01-24 12:25:46,000 DEBUG   SenderThread:211937 [sender.py:send():382] send: header
2024-01-24 12:25:46,008 DEBUG   SenderThread:211937 [sender.py:send():382] send: run
2024-01-24 12:25:46,803 INFO    SenderThread:211937 [dir_watcher.py:__init__():211] watching files in: /media/ruben/data/documents/unief/thesis/thesis_manta_ray/wandb/run-20240124_122545-ovoju8vt/files
2024-01-24 12:25:46,803 INFO    SenderThread:211937 [sender.py:_start_run_threads():1136] run started: ovoju8vt with start time 1706095545.991542
2024-01-24 12:25:46,814 DEBUG   HandlerThread:211937 [handler.py:handle_request():146] handle_request: check_version
2024-01-24 12:25:46,814 DEBUG   SenderThread:211937 [sender.py:send_request():409] send_request: check_version
2024-01-24 12:25:47,172 DEBUG   HandlerThread:211937 [handler.py:handle_request():146] handle_request: run_start
2024-01-24 12:25:47,172 DEBUG   HandlerThread:211937 [system_info.py:__init__():27] System info init
2024-01-24 12:25:47,173 DEBUG   HandlerThread:211937 [system_info.py:__init__():42] System info init done
2024-01-24 12:25:47,173 INFO    HandlerThread:211937 [system_monitor.py:start():194] Starting system monitor
2024-01-24 12:25:47,173 INFO    SystemMonitor:211937 [system_monitor.py:_start():158] Starting system asset monitoring threads
2024-01-24 12:25:47,174 INFO    HandlerThread:211937 [system_monitor.py:probe():214] Collecting system info
2024-01-24 12:25:47,174 INFO    SystemMonitor:211937 [interfaces.py:start():190] Started cpu monitoring
2024-01-24 12:25:47,175 INFO    SystemMonitor:211937 [interfaces.py:start():190] Started disk monitoring
2024-01-24 12:25:47,176 INFO    SystemMonitor:211937 [interfaces.py:start():190] Started memory monitoring
2024-01-24 12:25:47,177 INFO    SystemMonitor:211937 [interfaces.py:start():190] Started network monitoring
2024-01-24 12:25:47,186 DEBUG   HandlerThread:211937 [system_info.py:probe():151] Probing system
2024-01-24 12:25:47,188 DEBUG   HandlerThread:211937 [system_info.py:_probe_git():136] Probing git
2024-01-24 12:25:47,194 DEBUG   HandlerThread:211937 [system_info.py:_probe_git():144] Probing git done
2024-01-24 12:25:47,194 DEBUG   HandlerThread:211937 [system_info.py:probe():199] Probing system done
2024-01-24 12:25:47,194 DEBUG   HandlerThread:211937 [system_monitor.py:probe():223] {'os': 'Linux-6.5.0-14-generic-x86_64-with-glibc2.35', 'python': '3.10.12', 'heartbeatAt': '2024-01-24T11:25:47.186517', 'startedAt': '2024-01-24T11:25:45.981688', 'docker': None, 'cuda': None, 'args': (), 'state': 'running', 'program': '/media/ruben/data/documents/unief/thesis/thesis_manta_ray/evolution_simulation.py', 'codePathLocal': 'evolution_simulation.py', 'codePath': 'evolution_simulation.py', 'git': {'remote': 'git@github.com:ruvhaeck/thesis_manta_ray.git', 'commit': 'fd486563c8014209490c13e063073cd6d37032d9'}, 'email': 'ruben.vanhaecke@ugent.be', 'root': '/media/ruben/data/documents/unief/thesis/thesis_manta_ray', 'host': 'pc-ruben-vh', 'username': 'ruben', 'executable': '/media/ruben/data/documents/unief/thesis/thesis_manta_ray/env/bin/python', 'cpu_count': 10, 'cpu_count_logical': 12, 'cpu_freq': {'current': 1414.0751666666667, 'min': 400.0, 'max': 3900.0}, 'cpu_freq_per_core': [{'current': 400.0, 'min': 400.0, 'max': 4700.0}, {'current': 400.0, 'min': 400.0, 'max': 4700.0}, {'current': 1872.534, 'min': 400.0, 'max': 4700.0}, {'current': 1855.828, 'min': 400.0, 'max': 4700.0}, {'current': 777.678, 'min': 400.0, 'max': 3500.0}, {'current': 400.282, 'min': 400.0, 'max': 3500.0}, {'current': 1800.542, 'min': 400.0, 'max': 3500.0}, {'current': 1148.03, 'min': 400.0, 'max': 3500.0}, {'current': 1557.383, 'min': 400.0, 'max': 3500.0}, {'current': 400.0, 'min': 400.0, 'max': 3500.0}, {'current': 1305.885, 'min': 400.0, 'max': 3500.0}, {'current': 400.0, 'min': 400.0, 'max': 3500.0}], 'disk': {'/': {'total': 163.9468765258789, 'used': 151.029296875}}, 'memory': {'total': 15.302425384521484}}
2024-01-24 12:25:47,194 INFO    HandlerThread:211937 [system_monitor.py:probe():224] Finished collecting system info
2024-01-24 12:25:47,194 INFO    HandlerThread:211937 [system_monitor.py:probe():227] Publishing system info
2024-01-24 12:25:47,196 INFO    HandlerThread:211937 [system_monitor.py:probe():229] Finished publishing system info
2024-01-24 12:25:47,201 DEBUG   SenderThread:211937 [sender.py:send():382] send: files
2024-01-24 12:25:47,201 INFO    SenderThread:211937 [sender.py:_save_file():1403] saving file wandb-metadata.json with policy now
2024-01-24 12:25:47,206 DEBUG   HandlerThread:211937 [handler.py:handle_request():146] handle_request: python_packages
2024-01-24 12:25:47,206 DEBUG   SenderThread:211937 [sender.py:send_request():409] send_request: python_packages
2024-01-24 12:25:47,250 DEBUG   HandlerThread:211937 [handler.py:handle_request():146] handle_request: stop_status
2024-01-24 12:25:47,250 DEBUG   HandlerThread:211937 [handler.py:handle_request():146] handle_request: internal_messages
2024-01-24 12:25:47,251 DEBUG   SenderThread:211937 [sender.py:send_request():409] send_request: stop_status
2024-01-24 12:25:47,650 DEBUG   SenderThread:211937 [sender.py:send():382] send: telemetry
2024-01-24 12:25:47,805 INFO    Thread-12 :211937 [dir_watcher.py:_on_file_created():271] file/dir created: /media/ruben/data/documents/unief/thesis/thesis_manta_ray/wandb/run-20240124_122545-ovoju8vt/files/requirements.txt
2024-01-24 12:25:47,806 INFO    Thread-12 :211937 [dir_watcher.py:_on_file_created():271] file/dir created: /media/ruben/data/documents/unief/thesis/thesis_manta_ray/wandb/run-20240124_122545-ovoju8vt/files/wandb-metadata.json
2024-01-24 12:25:48,230 INFO    wandb-upload_0:211937 [upload_job.py:push():131] Uploaded file /tmp/tmpp_47p8g5wandb/i9ox9tne-wandb-metadata.json
2024-01-24 12:25:51,651 DEBUG   HandlerThread:211937 [handler.py:handle_request():146] handle_request: status_report
2024-01-24 12:25:56,653 DEBUG   HandlerThread:211937 [handler.py:handle_request():146] handle_request: status_report
2024-01-24 12:26:01,653 DEBUG   HandlerThread:211937 [handler.py:handle_request():146] handle_request: status_report
2024-01-24 12:26:02,207 DEBUG   HandlerThread:211937 [handler.py:handle_request():146] handle_request: stop_status
2024-01-24 12:26:02,207 DEBUG   SenderThread:211937 [sender.py:send_request():409] send_request: stop_status
2024-01-24 12:26:02,250 DEBUG   HandlerThread:211937 [handler.py:handle_request():146] handle_request: internal_messages
2024-01-24 12:26:07,585 DEBUG   HandlerThread:211937 [handler.py:handle_request():146] handle_request: status_report
2024-01-24 12:26:07,836 DEBUG   HandlerThread:211937 [handler.py:handle_request():146] handle_request: partial_history
2024-01-24 12:26:07,838 DEBUG   SenderThread:211937 [sender.py:send():382] send: history
2024-01-24 12:26:07,838 DEBUG   SenderThread:211937 [sender.py:send_request():409] send_request: summary_record
2024-01-24 12:26:07,840 INFO    SenderThread:211937 [sender.py:_save_file():1403] saving file wandb-summary.json with policy end
2024-01-24 12:26:08,814 INFO    Thread-12 :211937 [dir_watcher.py:_on_file_created():271] file/dir created: /media/ruben/data/documents/unief/thesis/thesis_manta_ray/wandb/run-20240124_122545-ovoju8vt/files/wandb-summary.json
2024-01-24 12:26:12,842 DEBUG   HandlerThread:211937 [handler.py:handle_request():146] handle_request: status_report
2024-01-24 12:26:17,207 DEBUG   HandlerThread:211937 [handler.py:handle_request():146] handle_request: stop_status
2024-01-24 12:26:17,208 DEBUG   SenderThread:211937 [sender.py:send_request():409] send_request: stop_status
2024-01-24 12:26:17,211 DEBUG   HandlerThread:211937 [handler.py:handle_request():146] handle_request: internal_messages
2024-01-24 12:26:18,422 DEBUG   HandlerThread:211937 [handler.py:handle_request():146] handle_request: status_report
2024-01-24 12:26:18,819 INFO    Thread-12 :211937 [dir_watcher.py:_on_file_modified():288] file/dir modified: /media/ruben/data/documents/unief/thesis/thesis_manta_ray/wandb/run-20240124_122545-ovoju8vt/files/config.yaml
2024-01-24 12:26:23,648 DEBUG   HandlerThread:211937 [handler.py:handle_request():146] handle_request: status_report
2024-01-24 12:26:28,649 DEBUG   HandlerThread:211937 [handler.py:handle_request():146] handle_request: status_report
2024-01-24 12:26:32,207 DEBUG   HandlerThread:211937 [handler.py:handle_request():146] handle_request: stop_status
2024-01-24 12:26:32,208 DEBUG   SenderThread:211937 [sender.py:send_request():409] send_request: stop_status
2024-01-24 12:26:32,250 DEBUG   HandlerThread:211937 [handler.py:handle_request():146] handle_request: internal_messages
2024-01-24 12:26:33,405 DEBUG   HandlerThread:211937 [handler.py:handle_request():146] handle_request: partial_history
2024-01-24 12:26:33,407 DEBUG   SenderThread:211937 [sender.py:send():382] send: history
2024-01-24 12:26:33,407 DEBUG   SenderThread:211937 [sender.py:send_request():409] send_request: summary_record
2024-01-24 12:26:33,408 INFO    SenderThread:211937 [sender.py:_save_file():1403] saving file wandb-summary.json with policy end
2024-01-24 12:26:33,828 INFO    Thread-12 :211937 [dir_watcher.py:_on_file_modified():288] file/dir modified: /media/ruben/data/documents/unief/thesis/thesis_manta_ray/wandb/run-20240124_122545-ovoju8vt/files/wandb-summary.json
2024-01-24 12:26:34,409 DEBUG   HandlerThread:211937 [handler.py:handle_request():146] handle_request: status_report
2024-01-24 12:26:39,410 DEBUG   HandlerThread:211937 [handler.py:handle_request():146] handle_request: status_report
2024-01-24 12:26:44,411 DEBUG   HandlerThread:211937 [handler.py:handle_request():146] handle_request: status_report
2024-01-24 12:26:47,178 DEBUG   SystemMonitor:211937 [system_monitor.py:_start():172] Starting system metrics aggregation loop
2024-01-24 12:26:47,180 DEBUG   SenderThread:211937 [sender.py:send():382] send: stats
2024-01-24 12:26:47,211 DEBUG   HandlerThread:211937 [handler.py:handle_request():146] handle_request: stop_status
2024-01-24 12:26:47,212 DEBUG   SenderThread:211937 [sender.py:send_request():409] send_request: stop_status
2024-01-24 12:26:47,215 DEBUG   HandlerThread:211937 [handler.py:handle_request():146] handle_request: internal_messages
2024-01-24 12:26:49,487 DEBUG   HandlerThread:211937 [handler.py:handle_request():146] handle_request: status_report
2024-01-24 12:26:54,488 DEBUG   HandlerThread:211937 [handler.py:handle_request():146] handle_request: status_report
2024-01-24 12:26:59,429 DEBUG   HandlerThread:211937 [handler.py:handle_request():146] handle_request: partial_history
2024-01-24 12:26:59,430 DEBUG   SenderThread:211937 [sender.py:send():382] send: history
2024-01-24 12:26:59,431 DEBUG   SenderThread:211937 [sender.py:send_request():409] send_request: summary_record
2024-01-24 12:26:59,433 INFO    SenderThread:211937 [sender.py:_save_file():1403] saving file wandb-summary.json with policy end
2024-01-24 12:26:59,841 INFO    Thread-12 :211937 [dir_watcher.py:_on_file_modified():288] file/dir modified: /media/ruben/data/documents/unief/thesis/thesis_manta_ray/wandb/run-20240124_122545-ovoju8vt/files/wandb-summary.json
2024-01-24 12:27:00,434 DEBUG   HandlerThread:211937 [handler.py:handle_request():146] handle_request: status_report
2024-01-24 12:27:02,208 DEBUG   HandlerThread:211937 [handler.py:handle_request():146] handle_request: stop_status
2024-01-24 12:27:02,208 DEBUG   SenderThread:211937 [sender.py:send_request():409] send_request: stop_status
2024-01-24 12:27:02,209 DEBUG   HandlerThread:211937 [handler.py:handle_request():146] handle_request: internal_messages
2024-01-24 12:27:05,575 DEBUG   HandlerThread:211937 [handler.py:handle_request():146] handle_request: status_report
2024-01-24 12:27:10,576 DEBUG   HandlerThread:211937 [handler.py:handle_request():146] handle_request: status_report
2024-01-24 12:27:15,577 DEBUG   HandlerThread:211937 [handler.py:handle_request():146] handle_request: status_report
2024-01-24 12:27:17,181 DEBUG   SenderThread:211937 [sender.py:send():382] send: stats
2024-01-24 12:27:17,208 DEBUG   HandlerThread:211937 [handler.py:handle_request():146] handle_request: stop_status
2024-01-24 12:27:17,208 DEBUG   SenderThread:211937 [sender.py:send_request():409] send_request: stop_status
2024-01-24 12:27:17,250 DEBUG   HandlerThread:211937 [handler.py:handle_request():146] handle_request: internal_messages
2024-01-24 12:27:21,477 DEBUG   HandlerThread:211937 [handler.py:handle_request():146] handle_request: status_report
2024-01-24 12:27:23,490 DEBUG   HandlerThread:211937 [handler.py:handle_request():146] handle_request: partial_history
2024-01-24 12:27:23,492 DEBUG   SenderThread:211937 [sender.py:send():382] send: history
2024-01-24 12:27:23,493 DEBUG   SenderThread:211937 [sender.py:send_request():409] send_request: summary_record
2024-01-24 12:27:23,494 INFO    SenderThread:211937 [sender.py:_save_file():1403] saving file wandb-summary.json with policy end
2024-01-24 12:27:23,853 INFO    Thread-12 :211937 [dir_watcher.py:_on_file_modified():288] file/dir modified: /media/ruben/data/documents/unief/thesis/thesis_manta_ray/wandb/run-20240124_122545-ovoju8vt/files/wandb-summary.json
2024-01-24 12:27:26,495 DEBUG   HandlerThread:211937 [handler.py:handle_request():146] handle_request: status_report
2024-01-24 12:27:31,497 DEBUG   HandlerThread:211937 [handler.py:handle_request():146] handle_request: status_report
2024-01-24 12:27:32,208 DEBUG   HandlerThread:211937 [handler.py:handle_request():146] handle_request: stop_status
2024-01-24 12:27:32,209 DEBUG   SenderThread:211937 [sender.py:send_request():409] send_request: stop_status
2024-01-24 12:27:32,213 DEBUG   HandlerThread:211937 [handler.py:handle_request():146] handle_request: internal_messages
2024-01-24 12:27:37,477 DEBUG   HandlerThread:211937 [handler.py:handle_request():146] handle_request: status_report
2024-01-24 12:27:42,478 DEBUG   HandlerThread:211937 [handler.py:handle_request():146] handle_request: status_report
2024-01-24 12:27:44,755 DEBUG   HandlerThread:211937 [handler.py:handle_request():146] handle_request: partial_history
2024-01-24 12:27:44,756 DEBUG   SenderThread:211937 [sender.py:send():382] send: history
2024-01-24 12:27:44,756 DEBUG   SenderThread:211937 [sender.py:send_request():409] send_request: summary_record
2024-01-24 12:27:44,758 INFO    SenderThread:211937 [sender.py:_save_file():1403] saving file wandb-summary.json with policy end
2024-01-24 12:27:44,863 INFO    Thread-12 :211937 [dir_watcher.py:_on_file_modified():288] file/dir modified: /media/ruben/data/documents/unief/thesis/thesis_manta_ray/wandb/run-20240124_122545-ovoju8vt/files/wandb-summary.json
2024-01-24 12:27:47,182 DEBUG   SenderThread:211937 [sender.py:send():382] send: stats
2024-01-24 12:27:47,208 DEBUG   HandlerThread:211937 [handler.py:handle_request():146] handle_request: stop_status
2024-01-24 12:27:47,209 DEBUG   HandlerThread:211937 [handler.py:handle_request():146] handle_request: internal_messages
2024-01-24 12:27:47,210 DEBUG   SenderThread:211937 [sender.py:send_request():409] send_request: stop_status
2024-01-24 12:27:47,632 DEBUG   HandlerThread:211937 [handler.py:handle_request():146] handle_request: status_report
2024-01-24 12:27:52,633 DEBUG   HandlerThread:211937 [handler.py:handle_request():146] handle_request: status_report
2024-01-24 12:27:57,634 DEBUG   HandlerThread:211937 [handler.py:handle_request():146] handle_request: status_report
2024-01-24 12:28:02,209 DEBUG   HandlerThread:211937 [handler.py:handle_request():146] handle_request: stop_status
2024-01-24 12:28:02,209 DEBUG   SenderThread:211937 [sender.py:send_request():409] send_request: stop_status
2024-01-24 12:28:02,250 DEBUG   HandlerThread:211937 [handler.py:handle_request():146] handle_request: internal_messages
2024-01-24 12:28:03,499 DEBUG   HandlerThread:211937 [handler.py:handle_request():146] handle_request: status_report
2024-01-24 12:28:06,053 DEBUG   HandlerThread:211937 [handler.py:handle_request():146] handle_request: partial_history
2024-01-24 12:28:06,054 DEBUG   SenderThread:211937 [sender.py:send():382] send: history
2024-01-24 12:28:06,055 DEBUG   SenderThread:211937 [sender.py:send_request():409] send_request: summary_record
2024-01-24 12:28:06,055 INFO    SenderThread:211937 [sender.py:_save_file():1403] saving file wandb-summary.json with policy end
2024-01-24 12:28:06,874 INFO    Thread-12 :211937 [dir_watcher.py:_on_file_modified():288] file/dir modified: /media/ruben/data/documents/unief/thesis/thesis_manta_ray/wandb/run-20240124_122545-ovoju8vt/files/wandb-summary.json
2024-01-24 12:28:09,056 DEBUG   HandlerThread:211937 [handler.py:handle_request():146] handle_request: status_report
2024-01-24 12:28:14,057 DEBUG   HandlerThread:211937 [handler.py:handle_request():146] handle_request: status_report
2024-01-24 12:28:17,183 DEBUG   SenderThread:211937 [sender.py:send():382] send: stats
2024-01-24 12:28:17,209 DEBUG   HandlerThread:211937 [handler.py:handle_request():146] handle_request: stop_status
2024-01-24 12:28:17,209 DEBUG   SenderThread:211937 [sender.py:send_request():409] send_request: stop_status
2024-01-24 12:28:17,212 DEBUG   HandlerThread:211937 [handler.py:handle_request():146] handle_request: internal_messages
2024-01-24 12:28:19,762 DEBUG   HandlerThread:211937 [handler.py:handle_request():146] handle_request: status_report
2024-01-24 12:28:24,763 DEBUG   HandlerThread:211937 [handler.py:handle_request():146] handle_request: status_report
2024-01-24 12:28:26,340 DEBUG   HandlerThread:211937 [handler.py:handle_request():146] handle_request: partial_history
2024-01-24 12:28:26,341 DEBUG   SenderThread:211937 [sender.py:send():382] send: history
2024-01-24 12:28:26,342 DEBUG   SenderThread:211937 [sender.py:send_request():409] send_request: summary_record
2024-01-24 12:28:26,344 INFO    SenderThread:211937 [sender.py:_save_file():1403] saving file wandb-summary.json with policy end
2024-01-24 12:28:26,883 INFO    Thread-12 :211937 [dir_watcher.py:_on_file_modified():288] file/dir modified: /media/ruben/data/documents/unief/thesis/thesis_manta_ray/wandb/run-20240124_122545-ovoju8vt/files/wandb-summary.json
2024-01-24 12:28:30,346 DEBUG   HandlerThread:211937 [handler.py:handle_request():146] handle_request: status_report
2024-01-24 12:28:32,209 DEBUG   HandlerThread:211937 [handler.py:handle_request():146] handle_request: stop_status
2024-01-24 12:28:32,209 DEBUG   SenderThread:211937 [sender.py:send_request():409] send_request: stop_status
2024-01-24 12:28:32,212 DEBUG   HandlerThread:211937 [handler.py:handle_request():146] handle_request: internal_messages
2024-01-24 12:28:35,587 DEBUG   HandlerThread:211937 [handler.py:handle_request():146] handle_request: status_report
2024-01-24 12:28:40,588 DEBUG   HandlerThread:211937 [handler.py:handle_request():146] handle_request: status_report
2024-01-24 12:28:45,589 DEBUG   HandlerThread:211937 [handler.py:handle_request():146] handle_request: status_report
2024-01-24 12:28:47,184 DEBUG   SenderThread:211937 [sender.py:send():382] send: stats
2024-01-24 12:28:47,210 DEBUG   HandlerThread:211937 [handler.py:handle_request():146] handle_request: stop_status
2024-01-24 12:28:47,211 DEBUG   SenderThread:211937 [sender.py:send_request():409] send_request: stop_status
2024-01-24 12:28:47,254 DEBUG   HandlerThread:211937 [handler.py:handle_request():146] handle_request: internal_messages
2024-01-24 12:28:48,012 DEBUG   HandlerThread:211937 [handler.py:handle_request():146] handle_request: partial_history
2024-01-24 12:28:48,013 DEBUG   SenderThread:211937 [sender.py:send():382] send: history
2024-01-24 12:28:48,013 DEBUG   SenderThread:211937 [sender.py:send_request():409] send_request: summary_record
2024-01-24 12:28:48,014 INFO    SenderThread:211937 [sender.py:_save_file():1403] saving file wandb-summary.json with policy end
2024-01-24 12:28:48,893 INFO    Thread-12 :211937 [dir_watcher.py:_on_file_modified():288] file/dir modified: /media/ruben/data/documents/unief/thesis/thesis_manta_ray/wandb/run-20240124_122545-ovoju8vt/files/wandb-summary.json
2024-01-24 12:28:51,015 DEBUG   HandlerThread:211937 [handler.py:handle_request():146] handle_request: status_report
2024-01-24 12:28:56,016 DEBUG   HandlerThread:211937 [handler.py:handle_request():146] handle_request: status_report
2024-01-24 12:29:01,017 DEBUG   HandlerThread:211937 [handler.py:handle_request():146] handle_request: status_report
2024-01-24 12:29:02,211 DEBUG   HandlerThread:211937 [handler.py:handle_request():146] handle_request: stop_status
2024-01-24 12:29:02,212 DEBUG   SenderThread:211937 [sender.py:send_request():409] send_request: stop_status
2024-01-24 12:29:02,212 DEBUG   HandlerThread:211937 [handler.py:handle_request():146] handle_request: internal_messages
2024-01-24 12:29:07,002 DEBUG   HandlerThread:211937 [handler.py:handle_request():146] handle_request: status_report
2024-01-24 12:29:08,940 DEBUG   HandlerThread:211937 [handler.py:handle_request():146] handle_request: partial_history
2024-01-24 12:29:08,942 DEBUG   SenderThread:211937 [sender.py:send():382] send: history
2024-01-24 12:29:08,942 DEBUG   SenderThread:211937 [sender.py:send_request():409] send_request: summary_record
2024-01-24 12:29:08,944 INFO    SenderThread:211937 [sender.py:_save_file():1403] saving file wandb-summary.json with policy end
2024-01-24 12:29:09,903 INFO    Thread-12 :211937 [dir_watcher.py:_on_file_modified():288] file/dir modified: /media/ruben/data/documents/unief/thesis/thesis_manta_ray/wandb/run-20240124_122545-ovoju8vt/files/wandb-summary.json
2024-01-24 12:29:12,946 DEBUG   HandlerThread:211937 [handler.py:handle_request():146] handle_request: status_report
2024-01-24 12:29:17,185 DEBUG   SenderThread:211937 [sender.py:send():382] send: stats
2024-01-24 12:29:17,210 DEBUG   HandlerThread:211937 [handler.py:handle_request():146] handle_request: stop_status
2024-01-24 12:29:17,210 DEBUG   SenderThread:211937 [sender.py:send_request():409] send_request: stop_status
2024-01-24 12:29:17,213 DEBUG   HandlerThread:211937 [handler.py:handle_request():146] handle_request: internal_messages
2024-01-24 12:29:18,646 DEBUG   HandlerThread:211937 [handler.py:handle_request():146] handle_request: status_report
2024-01-24 12:29:23,647 DEBUG   HandlerThread:211937 [handler.py:handle_request():146] handle_request: status_report
2024-01-24 12:29:28,648 DEBUG   HandlerThread:211937 [handler.py:handle_request():146] handle_request: status_report
2024-01-24 12:29:29,405 DEBUG   HandlerThread:211937 [handler.py:handle_request():146] handle_request: partial_history
2024-01-24 12:29:29,406 DEBUG   SenderThread:211937 [sender.py:send():382] send: history
2024-01-24 12:29:29,407 DEBUG   SenderThread:211937 [sender.py:send_request():409] send_request: summary_record
2024-01-24 12:29:29,407 INFO    SenderThread:211937 [sender.py:_save_file():1403] saving file wandb-summary.json with policy end
2024-01-24 12:29:29,913 INFO    Thread-12 :211937 [dir_watcher.py:_on_file_modified():288] file/dir modified: /media/ruben/data/documents/unief/thesis/thesis_manta_ray/wandb/run-20240124_122545-ovoju8vt/files/wandb-summary.json
2024-01-24 12:29:32,210 DEBUG   HandlerThread:211937 [handler.py:handle_request():146] handle_request: stop_status
2024-01-24 12:29:32,211 DEBUG   SenderThread:211937 [sender.py:send_request():409] send_request: stop_status
2024-01-24 12:29:32,214 DEBUG   HandlerThread:211937 [handler.py:handle_request():146] handle_request: internal_messages
2024-01-24 12:29:33,943 DEBUG   HandlerThread:211937 [handler.py:handle_request():146] handle_request: status_report
2024-01-24 12:29:38,944 DEBUG   HandlerThread:211937 [handler.py:handle_request():146] handle_request: status_report
2024-01-24 12:29:43,945 DEBUG   HandlerThread:211937 [handler.py:handle_request():146] handle_request: status_report
2024-01-24 12:29:47,187 DEBUG   SenderThread:211937 [sender.py:send():382] send: stats
2024-01-24 12:29:47,210 DEBUG   HandlerThread:211937 [handler.py:handle_request():146] handle_request: stop_status
2024-01-24 12:29:47,211 DEBUG   SenderThread:211937 [sender.py:send_request():409] send_request: stop_status
2024-01-24 12:29:47,254 DEBUG   HandlerThread:211937 [handler.py:handle_request():146] handle_request: internal_messages
2024-01-24 12:29:49,106 DEBUG   HandlerThread:211937 [handler.py:handle_request():146] handle_request: status_report
2024-01-24 12:29:49,877 DEBUG   HandlerThread:211937 [handler.py:handle_request():146] handle_request: partial_history
2024-01-24 12:29:49,878 DEBUG   SenderThread:211937 [sender.py:send():382] send: history
2024-01-24 12:29:49,878 DEBUG   SenderThread:211937 [sender.py:send_request():409] send_request: summary_record
2024-01-24 12:29:49,880 INFO    SenderThread:211937 [sender.py:_save_file():1403] saving file wandb-summary.json with policy end
2024-01-24 12:29:49,923 INFO    Thread-12 :211937 [dir_watcher.py:_on_file_modified():288] file/dir modified: /media/ruben/data/documents/unief/thesis/thesis_manta_ray/wandb/run-20240124_122545-ovoju8vt/files/wandb-summary.json
2024-01-24 12:29:54,882 DEBUG   HandlerThread:211937 [handler.py:handle_request():146] handle_request: status_report
2024-01-24 12:29:59,883 DEBUG   HandlerThread:211937 [handler.py:handle_request():146] handle_request: status_report
2024-01-24 12:30:02,210 DEBUG   HandlerThread:211937 [handler.py:handle_request():146] handle_request: stop_status
2024-01-24 12:30:02,211 DEBUG   SenderThread:211937 [sender.py:send_request():409] send_request: stop_status
2024-01-24 12:30:02,214 DEBUG   HandlerThread:211937 [handler.py:handle_request():146] handle_request: internal_messages
2024-01-24 12:30:05,045 DEBUG   HandlerThread:211937 [handler.py:handle_request():146] handle_request: status_report
2024-01-24 12:30:10,046 DEBUG   HandlerThread:211937 [handler.py:handle_request():146] handle_request: status_report
2024-01-24 12:30:10,409 DEBUG   HandlerThread:211937 [handler.py:handle_request():146] handle_request: partial_history
2024-01-24 12:30:10,410 DEBUG   SenderThread:211937 [sender.py:send():382] send: history
2024-01-24 12:30:10,411 DEBUG   SenderThread:211937 [sender.py:send_request():409] send_request: summary_record
2024-01-24 12:30:10,413 INFO    SenderThread:211937 [sender.py:_save_file():1403] saving file wandb-summary.json with policy end
2024-01-24 12:30:10,933 INFO    Thread-12 :211937 [dir_watcher.py:_on_file_modified():288] file/dir modified: /media/ruben/data/documents/unief/thesis/thesis_manta_ray/wandb/run-20240124_122545-ovoju8vt/files/wandb-summary.json
2024-01-24 12:30:15,414 DEBUG   HandlerThread:211937 [handler.py:handle_request():146] handle_request: status_report
2024-01-24 12:30:17,187 DEBUG   SenderThread:211937 [sender.py:send():382] send: stats
2024-01-24 12:30:17,211 DEBUG   HandlerThread:211937 [handler.py:handle_request():146] handle_request: stop_status
2024-01-24 12:30:17,211 DEBUG   SenderThread:211937 [sender.py:send_request():409] send_request: stop_status
2024-01-24 12:30:17,215 DEBUG   HandlerThread:211937 [handler.py:handle_request():146] handle_request: internal_messages
2024-01-24 12:30:21,220 DEBUG   HandlerThread:211937 [handler.py:handle_request():146] handle_request: status_report
2024-01-24 12:30:26,221 DEBUG   HandlerThread:211937 [handler.py:handle_request():146] handle_request: status_report
2024-01-24 12:30:30,958 DEBUG   HandlerThread:211937 [handler.py:handle_request():146] handle_request: partial_history
2024-01-24 12:30:30,959 DEBUG   SenderThread:211937 [sender.py:send():382] send: history
2024-01-24 12:30:30,960 DEBUG   SenderThread:211937 [sender.py:send_request():409] send_request: summary_record
2024-01-24 12:30:30,960 INFO    SenderThread:211937 [sender.py:_save_file():1403] saving file wandb-summary.json with policy end
2024-01-24 12:30:31,943 INFO    Thread-12 :211937 [dir_watcher.py:_on_file_modified():288] file/dir modified: /media/ruben/data/documents/unief/thesis/thesis_manta_ray/wandb/run-20240124_122545-ovoju8vt/files/wandb-summary.json
2024-01-24 12:30:31,961 DEBUG   HandlerThread:211937 [handler.py:handle_request():146] handle_request: status_report
2024-01-24 12:30:32,211 DEBUG   HandlerThread:211937 [handler.py:handle_request():146] handle_request: stop_status
2024-01-24 12:30:32,211 DEBUG   SenderThread:211937 [sender.py:send_request():409] send_request: stop_status
2024-01-24 12:30:32,215 DEBUG   HandlerThread:211937 [handler.py:handle_request():146] handle_request: internal_messages
2024-01-24 12:30:37,910 DEBUG   HandlerThread:211937 [handler.py:handle_request():146] handle_request: status_report
2024-01-24 12:30:42,911 DEBUG   HandlerThread:211937 [handler.py:handle_request():146] handle_request: status_report
2024-01-24 12:30:47,188 DEBUG   SenderThread:211937 [sender.py:send():382] send: stats
2024-01-24 12:30:47,211 DEBUG   HandlerThread:211937 [handler.py:handle_request():146] handle_request: stop_status
2024-01-24 12:30:47,212 DEBUG   SenderThread:211937 [sender.py:send_request():409] send_request: stop_status
2024-01-24 12:30:47,254 DEBUG   HandlerThread:211937 [handler.py:handle_request():146] handle_request: internal_messages
2024-01-24 12:30:48,442 DEBUG   HandlerThread:211937 [handler.py:handle_request():146] handle_request: status_report
2024-01-24 12:30:51,988 DEBUG   HandlerThread:211937 [handler.py:handle_request():146] handle_request: partial_history
2024-01-24 12:30:51,989 DEBUG   SenderThread:211937 [sender.py:send():382] send: history
2024-01-24 12:30:51,989 DEBUG   SenderThread:211937 [sender.py:send_request():409] send_request: summary_record
2024-01-24 12:30:51,990 INFO    SenderThread:211937 [sender.py:_save_file():1403] saving file wandb-summary.json with policy end
2024-01-24 12:30:52,953 INFO    Thread-12 :211937 [dir_watcher.py:_on_file_modified():288] file/dir modified: /media/ruben/data/documents/unief/thesis/thesis_manta_ray/wandb/run-20240124_122545-ovoju8vt/files/wandb-summary.json
2024-01-24 12:30:53,991 DEBUG   HandlerThread:211937 [handler.py:handle_request():146] handle_request: status_report
2024-01-24 12:30:58,992 DEBUG   HandlerThread:211937 [handler.py:handle_request():146] handle_request: status_report
2024-01-24 12:31:02,211 DEBUG   HandlerThread:211937 [handler.py:handle_request():146] handle_request: stop_status
2024-01-24 12:31:02,212 DEBUG   SenderThread:211937 [sender.py:send_request():409] send_request: stop_status
2024-01-24 12:31:02,215 DEBUG   HandlerThread:211937 [handler.py:handle_request():146] handle_request: internal_messages
2024-01-24 12:31:04,505 DEBUG   HandlerThread:211937 [handler.py:handle_request():146] handle_request: status_report
2024-01-24 12:31:09,506 DEBUG   HandlerThread:211937 [handler.py:handle_request():146] handle_request: status_report
2024-01-24 12:31:13,051 DEBUG   HandlerThread:211937 [handler.py:handle_request():146] handle_request: partial_history
2024-01-24 12:31:13,052 DEBUG   SenderThread:211937 [sender.py:send():382] send: history
2024-01-24 12:31:13,052 DEBUG   SenderThread:211937 [sender.py:send_request():409] send_request: summary_record
2024-01-24 12:31:13,055 INFO    SenderThread:211937 [sender.py:_save_file():1403] saving file wandb-summary.json with policy end
2024-01-24 12:31:13,963 INFO    Thread-12 :211937 [dir_watcher.py:_on_file_modified():288] file/dir modified: /media/ruben/data/documents/unief/thesis/thesis_manta_ray/wandb/run-20240124_122545-ovoju8vt/files/wandb-summary.json
2024-01-24 12:31:15,056 DEBUG   HandlerThread:211937 [handler.py:handle_request():146] handle_request: status_report
2024-01-24 12:31:17,190 DEBUG   SenderThread:211937 [sender.py:send():382] send: stats
2024-01-24 12:31:17,211 DEBUG   HandlerThread:211937 [handler.py:handle_request():146] handle_request: stop_status
2024-01-24 12:31:17,212 DEBUG   SenderThread:211937 [sender.py:send_request():409] send_request: stop_status
2024-01-24 12:31:17,215 DEBUG   HandlerThread:211937 [handler.py:handle_request():146] handle_request: internal_messages
2024-01-24 12:31:20,247 DEBUG   HandlerThread:211937 [handler.py:handle_request():146] handle_request: status_report
2024-01-24 12:31:25,249 DEBUG   HandlerThread:211937 [handler.py:handle_request():146] handle_request: status_report
2024-01-24 12:31:30,250 DEBUG   HandlerThread:211937 [handler.py:handle_request():146] handle_request: status_report
2024-01-24 12:31:32,211 DEBUG   HandlerThread:211937 [handler.py:handle_request():146] handle_request: stop_status
2024-01-24 12:31:32,212 DEBUG   SenderThread:211937 [sender.py:send_request():409] send_request: stop_status
2024-01-24 12:31:32,254 DEBUG   HandlerThread:211937 [handler.py:handle_request():146] handle_request: internal_messages
2024-01-24 12:31:33,544 DEBUG   HandlerThread:211937 [handler.py:handle_request():146] handle_request: partial_history
2024-01-24 12:31:35,016 DEBUG   SenderThread:211937 [sender.py:send():382] send: history
2024-01-24 12:31:35,016 DEBUG   SenderThread:211937 [sender.py:send_request():409] send_request: summary_record
2024-01-24 12:31:35,018 INFO    SenderThread:211937 [sender.py:_save_file():1403] saving file wandb-summary.json with policy end
2024-01-24 12:31:35,974 INFO    Thread-12 :211937 [dir_watcher.py:_on_file_modified():288] file/dir modified: /media/ruben/data/documents/unief/thesis/thesis_manta_ray/wandb/run-20240124_122545-ovoju8vt/files/wandb-summary.json
2024-01-24 12:31:36,019 DEBUG   HandlerThread:211937 [handler.py:handle_request():146] handle_request: status_report
2024-01-24 12:31:41,019 DEBUG   HandlerThread:211937 [handler.py:handle_request():146] handle_request: status_report
2024-01-24 12:31:46,020 DEBUG   HandlerThread:211937 [handler.py:handle_request():146] handle_request: status_report
2024-01-24 12:31:47,190 DEBUG   SenderThread:211937 [sender.py:send():382] send: stats
2024-01-24 12:31:47,212 DEBUG   HandlerThread:211937 [handler.py:handle_request():146] handle_request: stop_status
2024-01-24 12:31:47,212 DEBUG   SenderThread:211937 [sender.py:send_request():409] send_request: stop_status
2024-01-24 12:31:47,217 DEBUG   HandlerThread:211937 [handler.py:handle_request():146] handle_request: internal_messages
2024-01-24 12:31:51,946 DEBUG   HandlerThread:211937 [handler.py:handle_request():146] handle_request: status_report
2024-01-24 12:31:53,517 DEBUG   HandlerThread:211937 [handler.py:handle_request():146] handle_request: partial_history
2024-01-24 12:31:53,518 DEBUG   SenderThread:211937 [sender.py:send():382] send: history
2024-01-24 12:31:53,519 DEBUG   SenderThread:211937 [sender.py:send_request():409] send_request: summary_record
2024-01-24 12:31:53,519 INFO    SenderThread:211937 [sender.py:_save_file():1403] saving file wandb-summary.json with policy end
2024-01-24 12:31:53,982 INFO    Thread-12 :211937 [dir_watcher.py:_on_file_modified():288] file/dir modified: /media/ruben/data/documents/unief/thesis/thesis_manta_ray/wandb/run-20240124_122545-ovoju8vt/files/wandb-summary.json
2024-01-24 12:31:57,521 DEBUG   HandlerThread:211937 [handler.py:handle_request():146] handle_request: status_report
2024-01-24 12:32:02,212 DEBUG   HandlerThread:211937 [handler.py:handle_request():146] handle_request: stop_status
2024-01-24 12:32:02,212 DEBUG   SenderThread:211937 [sender.py:send_request():409] send_request: stop_status
2024-01-24 12:32:02,215 DEBUG   HandlerThread:211937 [handler.py:handle_request():146] handle_request: internal_messages
2024-01-24 12:32:03,675 DEBUG   HandlerThread:211937 [handler.py:handle_request():146] handle_request: status_report
2024-01-24 12:32:08,676 DEBUG   HandlerThread:211937 [handler.py:handle_request():146] handle_request: status_report
2024-01-24 12:32:13,678 DEBUG   HandlerThread:211937 [handler.py:handle_request():146] handle_request: status_report
2024-01-24 12:32:13,887 DEBUG   HandlerThread:211937 [handler.py:handle_request():146] handle_request: partial_history
2024-01-24 12:32:13,889 DEBUG   SenderThread:211937 [sender.py:send():382] send: history
2024-01-24 12:32:13,889 DEBUG   SenderThread:211937 [sender.py:send_request():409] send_request: summary_record
2024-01-24 12:32:13,890 INFO    SenderThread:211937 [sender.py:_save_file():1403] saving file wandb-summary.json with policy end
2024-01-24 12:32:13,991 INFO    Thread-12 :211937 [dir_watcher.py:_on_file_modified():288] file/dir modified: /media/ruben/data/documents/unief/thesis/thesis_manta_ray/wandb/run-20240124_122545-ovoju8vt/files/wandb-summary.json
2024-01-24 12:32:17,191 DEBUG   SenderThread:211937 [sender.py:send():382] send: stats
2024-01-24 12:32:17,212 DEBUG   HandlerThread:211937 [handler.py:handle_request():146] handle_request: stop_status
2024-01-24 12:32:17,213 DEBUG   SenderThread:211937 [sender.py:send_request():409] send_request: stop_status
2024-01-24 12:32:17,216 DEBUG   HandlerThread:211937 [handler.py:handle_request():146] handle_request: internal_messages
2024-01-24 12:32:23,214 DEBUG   HandlerThread:211937 [handler.py:handle_request():146] handle_request: keepalive
2024-01-24 12:32:26,107 DEBUG   HandlerThread:211937 [handler.py:handle_request():146] handle_request: status_report
2024-01-24 12:32:31,108 DEBUG   HandlerThread:211937 [handler.py:handle_request():146] handle_request: status_report
2024-01-24 12:32:32,213 DEBUG   HandlerThread:211937 [handler.py:handle_request():146] handle_request: stop_status
2024-01-24 12:32:32,213 DEBUG   SenderThread:211937 [sender.py:send_request():409] send_request: stop_status
2024-01-24 12:32:32,217 DEBUG   HandlerThread:211937 [handler.py:handle_request():146] handle_request: internal_messages
2024-01-24 12:32:34,036 DEBUG   HandlerThread:211937 [handler.py:handle_request():146] handle_request: partial_history
2024-01-24 12:32:35,458 DEBUG   SenderThread:211937 [sender.py:send():382] send: history
2024-01-24 12:32:35,458 DEBUG   SenderThread:211937 [sender.py:send_request():409] send_request: summary_record
2024-01-24 12:32:35,459 INFO    SenderThread:211937 [sender.py:_save_file():1403] saving file wandb-summary.json with policy end
2024-01-24 12:32:36,002 INFO    Thread-12 :211937 [dir_watcher.py:_on_file_modified():288] file/dir modified: /media/ruben/data/documents/unief/thesis/thesis_manta_ray/wandb/run-20240124_122545-ovoju8vt/files/wandb-summary.json
2024-01-24 12:32:36,460 DEBUG   HandlerThread:211937 [handler.py:handle_request():146] handle_request: status_report
2024-01-24 12:32:41,461 DEBUG   HandlerThread:211937 [handler.py:handle_request():146] handle_request: status_report
2024-01-24 12:32:46,462 DEBUG   HandlerThread:211937 [handler.py:handle_request():146] handle_request: status_report
2024-01-24 12:32:47,193 DEBUG   SenderThread:211937 [sender.py:send():382] send: stats
2024-01-24 12:32:47,212 DEBUG   HandlerThread:211937 [handler.py:handle_request():146] handle_request: stop_status
2024-01-24 12:32:47,213 DEBUG   SenderThread:211937 [sender.py:send_request():409] send_request: stop_status
2024-01-24 12:32:47,216 DEBUG   HandlerThread:211937 [handler.py:handle_request():146] handle_request: internal_messages
2024-01-24 12:32:51,592 DEBUG   HandlerThread:211937 [handler.py:handle_request():146] handle_request: status_report
2024-01-24 12:32:54,240 DEBUG   HandlerThread:211937 [handler.py:handle_request():146] handle_request: partial_history
2024-01-24 12:32:54,241 DEBUG   SenderThread:211937 [sender.py:send():382] send: history
2024-01-24 12:32:54,241 DEBUG   SenderThread:211937 [sender.py:send_request():409] send_request: summary_record
2024-01-24 12:32:54,242 INFO    SenderThread:211937 [sender.py:_save_file():1403] saving file wandb-summary.json with policy end
2024-01-24 12:32:55,011 INFO    Thread-12 :211937 [dir_watcher.py:_on_file_modified():288] file/dir modified: /media/ruben/data/documents/unief/thesis/thesis_manta_ray/wandb/run-20240124_122545-ovoju8vt/files/wandb-summary.json
2024-01-24 12:32:57,243 DEBUG   HandlerThread:211937 [handler.py:handle_request():146] handle_request: status_report
2024-01-24 12:33:02,213 DEBUG   HandlerThread:211937 [handler.py:handle_request():146] handle_request: stop_status
2024-01-24 12:33:02,213 DEBUG   SenderThread:211937 [sender.py:send_request():409] send_request: stop_status
2024-01-24 12:33:02,217 DEBUG   HandlerThread:211937 [handler.py:handle_request():146] handle_request: internal_messages
2024-01-24 12:33:02,985 DEBUG   HandlerThread:211937 [handler.py:handle_request():146] handle_request: status_report
2024-01-24 12:33:07,986 DEBUG   HandlerThread:211937 [handler.py:handle_request():146] handle_request: status_report
2024-01-24 12:33:12,987 DEBUG   HandlerThread:211937 [handler.py:handle_request():146] handle_request: status_report
2024-01-24 12:33:14,286 DEBUG   HandlerThread:211937 [handler.py:handle_request():146] handle_request: partial_history
2024-01-24 12:33:14,288 DEBUG   SenderThread:211937 [sender.py:send():382] send: history
2024-01-24 12:33:14,288 DEBUG   SenderThread:211937 [sender.py:send_request():409] send_request: summary_record
2024-01-24 12:33:14,289 INFO    SenderThread:211937 [sender.py:_save_file():1403] saving file wandb-summary.json with policy end
2024-01-24 12:33:15,020 INFO    Thread-12 :211937 [dir_watcher.py:_on_file_modified():288] file/dir modified: /media/ruben/data/documents/unief/thesis/thesis_manta_ray/wandb/run-20240124_122545-ovoju8vt/files/wandb-summary.json
2024-01-24 12:33:17,193 DEBUG   SenderThread:211937 [sender.py:send():382] send: stats
2024-01-24 12:33:17,213 DEBUG   HandlerThread:211937 [handler.py:handle_request():146] handle_request: stop_status
2024-01-24 12:33:17,214 DEBUG   SenderThread:211937 [sender.py:send_request():409] send_request: stop_status
2024-01-24 12:33:17,217 DEBUG   HandlerThread:211937 [handler.py:handle_request():146] handle_request: internal_messages
2024-01-24 12:33:22,027 DEBUG   HandlerThread:211937 [handler.py:handle_request():146] handle_request: status_report
2024-01-24 12:33:27,028 DEBUG   HandlerThread:211937 [handler.py:handle_request():146] handle_request: status_report
2024-01-24 12:33:32,029 DEBUG   HandlerThread:211937 [handler.py:handle_request():146] handle_request: status_report
2024-01-24 12:33:32,213 DEBUG   HandlerThread:211937 [handler.py:handle_request():146] handle_request: stop_status
2024-01-24 12:33:32,214 DEBUG   SenderThread:211937 [sender.py:send_request():409] send_request: stop_status
2024-01-24 12:33:32,253 DEBUG   HandlerThread:211937 [handler.py:handle_request():146] handle_request: internal_messages
2024-01-24 12:33:34,684 DEBUG   HandlerThread:211937 [handler.py:handle_request():146] handle_request: partial_history
2024-01-24 12:33:34,685 DEBUG   SenderThread:211937 [sender.py:send():382] send: history
2024-01-24 12:33:34,685 DEBUG   SenderThread:211937 [sender.py:send_request():409] send_request: summary_record
2024-01-24 12:33:34,686 INFO    SenderThread:211937 [sender.py:_save_file():1403] saving file wandb-summary.json with policy end
2024-01-24 12:33:35,030 INFO    Thread-12 :211937 [dir_watcher.py:_on_file_modified():288] file/dir modified: /media/ruben/data/documents/unief/thesis/thesis_manta_ray/wandb/run-20240124_122545-ovoju8vt/files/wandb-summary.json
2024-01-24 12:33:37,687 DEBUG   HandlerThread:211937 [handler.py:handle_request():146] handle_request: status_report
2024-01-24 12:33:42,688 DEBUG   HandlerThread:211937 [handler.py:handle_request():146] handle_request: status_report
2024-01-24 12:33:47,194 DEBUG   SenderThread:211937 [sender.py:send():382] send: stats
2024-01-24 12:33:47,213 DEBUG   HandlerThread:211937 [handler.py:handle_request():146] handle_request: stop_status
2024-01-24 12:33:47,214 DEBUG   SenderThread:211937 [sender.py:send_request():409] send_request: stop_status
2024-01-24 12:33:47,217 DEBUG   HandlerThread:211937 [handler.py:handle_request():146] handle_request: internal_messages
2024-01-24 12:33:49,781 DEBUG   HandlerThread:211937 [handler.py:handle_request():146] handle_request: status_report
2024-01-24 12:33:54,781 DEBUG   HandlerThread:211937 [handler.py:handle_request():146] handle_request: status_report
2024-01-24 12:33:54,908 DEBUG   HandlerThread:211937 [handler.py:handle_request():146] handle_request: partial_history
2024-01-24 12:33:54,909 DEBUG   SenderThread:211937 [sender.py:send():382] send: history
2024-01-24 12:33:54,910 DEBUG   SenderThread:211937 [sender.py:send_request():409] send_request: summary_record
2024-01-24 12:33:54,910 INFO    SenderThread:211937 [sender.py:_save_file():1403] saving file wandb-summary.json with policy end
2024-01-24 12:33:55,039 INFO    Thread-12 :211937 [dir_watcher.py:_on_file_modified():288] file/dir modified: /media/ruben/data/documents/unief/thesis/thesis_manta_ray/wandb/run-20240124_122545-ovoju8vt/files/wandb-summary.json
2024-01-24 12:33:59,912 DEBUG   HandlerThread:211937 [handler.py:handle_request():146] handle_request: status_report
2024-01-24 12:34:02,214 DEBUG   HandlerThread:211937 [handler.py:handle_request():146] handle_request: stop_status
2024-01-24 12:34:02,214 DEBUG   SenderThread:211937 [sender.py:send_request():409] send_request: stop_status
2024-01-24 12:34:02,217 DEBUG   HandlerThread:211937 [handler.py:handle_request():146] handle_request: internal_messages
2024-01-24 12:34:04,999 DEBUG   HandlerThread:211937 [handler.py:handle_request():146] handle_request: status_report
2024-01-24 12:34:10,001 DEBUG   HandlerThread:211937 [handler.py:handle_request():146] handle_request: status_report
2024-01-24 12:34:15,002 DEBUG   HandlerThread:211937 [handler.py:handle_request():146] handle_request: status_report
2024-01-24 12:34:15,554 DEBUG   HandlerThread:211937 [handler.py:handle_request():146] handle_request: partial_history
2024-01-24 12:34:15,555 DEBUG   SenderThread:211937 [sender.py:send():382] send: history
2024-01-24 12:34:15,556 DEBUG   SenderThread:211937 [sender.py:send_request():409] send_request: summary_record
2024-01-24 12:34:15,556 INFO    SenderThread:211937 [sender.py:_save_file():1403] saving file wandb-summary.json with policy end
2024-01-24 12:34:16,050 INFO    Thread-12 :211937 [dir_watcher.py:_on_file_modified():288] file/dir modified: /media/ruben/data/documents/unief/thesis/thesis_manta_ray/wandb/run-20240124_122545-ovoju8vt/files/wandb-summary.json
2024-01-24 12:34:17,195 DEBUG   SenderThread:211937 [sender.py:send():382] send: stats
2024-01-24 12:34:17,213 DEBUG   HandlerThread:211937 [handler.py:handle_request():146] handle_request: stop_status
2024-01-24 12:34:17,214 DEBUG   SenderThread:211937 [sender.py:send_request():409] send_request: stop_status
2024-01-24 12:34:17,217 DEBUG   HandlerThread:211937 [handler.py:handle_request():146] handle_request: internal_messages
2024-01-24 12:34:20,515 DEBUG   HandlerThread:211937 [handler.py:handle_request():146] handle_request: status_report
2024-01-24 12:34:25,516 DEBUG   HandlerThread:211937 [handler.py:handle_request():146] handle_request: status_report
2024-01-24 12:34:30,517 DEBUG   HandlerThread:211937 [handler.py:handle_request():146] handle_request: status_report
2024-01-24 12:34:32,214 DEBUG   HandlerThread:211937 [handler.py:handle_request():146] handle_request: stop_status
2024-01-24 12:34:32,215 DEBUG   SenderThread:211937 [sender.py:send_request():409] send_request: stop_status
2024-01-24 12:34:32,258 DEBUG   HandlerThread:211937 [handler.py:handle_request():146] handle_request: internal_messages
2024-01-24 12:34:37,418 DEBUG   HandlerThread:211937 [handler.py:handle_request():146] handle_request: partial_history
2024-01-24 12:34:38,215 DEBUG   HandlerThread:211937 [handler.py:handle_request():146] handle_request: keepalive
2024-01-24 12:34:43,217 DEBUG   HandlerThread:211937 [handler.py:handle_request():146] handle_request: keepalive
2024-01-24 12:34:47,216 DEBUG   HandlerThread:211937 [handler.py:handle_request():146] handle_request: internal_messages
2024-01-24 12:59:37,916 DEBUG   HandlerThread:211937 [handler.py:handle_request():146] handle_request: keepalive
2024-01-24 12:59:41,216 INFO    SenderThread:211937 [retry.py:__call__():172] Retry attempt failed:
Traceback (most recent call last):
  File "/media/ruben/data/documents/unief/thesis/thesis_manta_ray/env/lib/python3.10/site-packages/urllib3/connection.py", line 203, in _new_conn
    sock = connection.create_connection(
  File "/media/ruben/data/documents/unief/thesis/thesis_manta_ray/env/lib/python3.10/site-packages/urllib3/util/connection.py", line 60, in create_connection
    for res in socket.getaddrinfo(host, port, family, socket.SOCK_STREAM):
  File "/usr/lib/python3.10/socket.py", line 955, in getaddrinfo
    for res in _socket.getaddrinfo(host, port, family, type, proto, flags):
socket.gaierror: [Errno -3] Temporary failure in name resolution

The above exception was the direct cause of the following exception:

Traceback (most recent call last):
  File "/media/ruben/data/documents/unief/thesis/thesis_manta_ray/env/lib/python3.10/site-packages/urllib3/connectionpool.py", line 790, in urlopen
    response = self._make_request(
  File "/media/ruben/data/documents/unief/thesis/thesis_manta_ray/env/lib/python3.10/site-packages/urllib3/connectionpool.py", line 491, in _make_request
    raise new_e
  File "/media/ruben/data/documents/unief/thesis/thesis_manta_ray/env/lib/python3.10/site-packages/urllib3/connectionpool.py", line 467, in _make_request
    self._validate_conn(conn)
  File "/media/ruben/data/documents/unief/thesis/thesis_manta_ray/env/lib/python3.10/site-packages/urllib3/connectionpool.py", line 1092, in _validate_conn
    conn.connect()
  File "/media/ruben/data/documents/unief/thesis/thesis_manta_ray/env/lib/python3.10/site-packages/urllib3/connection.py", line 611, in connect
    self.sock = sock = self._new_conn()
  File "/media/ruben/data/documents/unief/thesis/thesis_manta_ray/env/lib/python3.10/site-packages/urllib3/connection.py", line 210, in _new_conn
    raise NameResolutionError(self.host, self, e) from e
urllib3.exceptions.NameResolutionError: <urllib3.connection.HTTPSConnection object at 0x7fb4d00ee410>: Failed to resolve 'api.wandb.ai' ([Errno -3] Temporary failure in name resolution)

The above exception was the direct cause of the following exception:

Traceback (most recent call last):
  File "/media/ruben/data/documents/unief/thesis/thesis_manta_ray/env/lib/python3.10/site-packages/requests/adapters.py", line 486, in send
    resp = conn.urlopen(
  File "/media/ruben/data/documents/unief/thesis/thesis_manta_ray/env/lib/python3.10/site-packages/urllib3/connectionpool.py", line 844, in urlopen
    retries = retries.increment(
  File "/media/ruben/data/documents/unief/thesis/thesis_manta_ray/env/lib/python3.10/site-packages/urllib3/util/retry.py", line 515, in increment
    raise MaxRetryError(_pool, url, reason) from reason  # type: ignore[arg-type]
urllib3.exceptions.MaxRetryError: HTTPSConnectionPool(host='api.wandb.ai', port=443): Max retries exceeded with url: /graphql (Caused by NameResolutionError("<urllib3.connection.HTTPSConnection object at 0x7fb4d00ee410>: Failed to resolve 'api.wandb.ai' ([Errno -3] Temporary failure in name resolution)"))

During handling of the above exception, another exception occurred:

Traceback (most recent call last):
  File "/media/ruben/data/documents/unief/thesis/thesis_manta_ray/env/lib/python3.10/site-packages/wandb/sdk/lib/retry.py", line 131, in __call__
    result = self._call_fn(*args, **kwargs)
  File "/media/ruben/data/documents/unief/thesis/thesis_manta_ray/env/lib/python3.10/site-packages/wandb/sdk/internal/internal_api.py", line 369, in execute
    return self.client.execute(*args, **kwargs)  # type: ignore
  File "/media/ruben/data/documents/unief/thesis/thesis_manta_ray/env/lib/python3.10/site-packages/wandb/vendor/gql-0.2.0/wandb_gql/client.py", line 52, in execute
    result = self._get_result(document, *args, **kwargs)
  File "/media/ruben/data/documents/unief/thesis/thesis_manta_ray/env/lib/python3.10/site-packages/wandb/vendor/gql-0.2.0/wandb_gql/client.py", line 60, in _get_result
    return self.transport.execute(document, *args, **kwargs)
  File "/media/ruben/data/documents/unief/thesis/thesis_manta_ray/env/lib/python3.10/site-packages/wandb/sdk/lib/gql_request.py", line 58, in execute
    request = self.session.post(self.url, **post_args)
  File "/media/ruben/data/documents/unief/thesis/thesis_manta_ray/env/lib/python3.10/site-packages/requests/sessions.py", line 637, in post
    return self.request("POST", url, data=data, json=json, **kwargs)
  File "/media/ruben/data/documents/unief/thesis/thesis_manta_ray/env/lib/python3.10/site-packages/requests/sessions.py", line 589, in request
    resp = self.send(prep, **send_kwargs)
  File "/media/ruben/data/documents/unief/thesis/thesis_manta_ray/env/lib/python3.10/site-packages/requests/sessions.py", line 703, in send
    r = adapter.send(request, **kwargs)
  File "/media/ruben/data/documents/unief/thesis/thesis_manta_ray/env/lib/python3.10/site-packages/requests/adapters.py", line 519, in send
    raise ConnectionError(e, request=request)
requests.exceptions.ConnectionError: HTTPSConnectionPool(host='api.wandb.ai', port=443): Max retries exceeded with url: /graphql (Caused by NameResolutionError("<urllib3.connection.HTTPSConnection object at 0x7fb4d00ee410>: Failed to resolve 'api.wandb.ai' ([Errno -3] Temporary failure in name resolution)"))
2024-01-24 12:59:42,912 DEBUG   HandlerThread:211937 [handler.py:handle_request():146] handle_request: keepalive
2024-01-24 12:59:46,274 DEBUG   SenderThread:211937 [sender.py:send():382] send: history
2024-01-24 12:59:46,276 DEBUG   SenderThread:211937 [sender.py:send_request():409] send_request: summary_record
2024-01-24 12:59:46,276 INFO    SenderThread:211937 [sender.py:_save_file():1403] saving file wandb-summary.json with policy end
2024-01-24 12:59:46,276 DEBUG   HandlerThread:211937 [handler.py:handle_request():146] handle_request: status_report
2024-01-24 12:59:46,277 DEBUG   SenderThread:211937 [sender.py:send():382] send: stats
2024-01-24 12:59:46,516 DEBUG   HandlerThread:211937 [handler.py:handle_request():146] handle_request: internal_messages
2024-01-24 12:59:46,922 INFO    Thread-12 :211937 [dir_watcher.py:_on_file_modified():288] file/dir modified: /media/ruben/data/documents/unief/thesis/thesis_manta_ray/wandb/run-20240124_122545-ovoju8vt/files/wandb-summary.json
2024-01-24 12:59:48,607 DEBUG   HandlerThread:211937 [handler.py:handle_request():146] handle_request: partial_history
2024-01-24 12:59:48,608 DEBUG   SenderThread:211937 [sender.py:send():382] send: history
2024-01-24 12:59:48,609 DEBUG   SenderThread:211937 [sender.py:send_request():409] send_request: summary_record
2024-01-24 12:59:48,609 INFO    SenderThread:211937 [sender.py:_save_file():1403] saving file wandb-summary.json with policy end
2024-01-24 12:59:48,923 INFO    Thread-12 :211937 [dir_watcher.py:_on_file_modified():288] file/dir modified: /media/ruben/data/documents/unief/thesis/thesis_manta_ray/wandb/run-20240124_122545-ovoju8vt/files/wandb-summary.json
2024-01-24 12:59:51,610 DEBUG   HandlerThread:211937 [handler.py:handle_request():146] handle_request: status_report
2024-01-24 12:59:51,915 DEBUG   HandlerThread:211937 [handler.py:handle_request():146] handle_request: keepalive
2024-01-24 12:59:56,612 DEBUG   HandlerThread:211937 [handler.py:handle_request():146] handle_request: status_report
2024-01-24 12:59:56,917 DEBUG   HandlerThread:211937 [handler.py:handle_request():146] handle_request: keepalive
2024-01-24 13:00:01,497 DEBUG   SenderThread:211937 [sender.py:send():382] send: stats
2024-01-24 13:00:01,516 DEBUG   HandlerThread:211937 [handler.py:handle_request():146] handle_request: internal_messages
2024-01-24 13:00:02,498 DEBUG   HandlerThread:211937 [handler.py:handle_request():146] handle_request: status_report
2024-01-24 13:00:06,920 DEBUG   HandlerThread:211937 [handler.py:handle_request():146] handle_request: keepalive
2024-01-24 13:00:07,499 DEBUG   HandlerThread:211937 [handler.py:handle_request():146] handle_request: status_report
2024-01-24 13:00:34,616 DEBUG   HandlerThread:211937 [handler.py:handle_request():146] handle_request: status_report
2024-01-24 13:00:34,616 DEBUG   HandlerThread:211937 [handler.py:handle_request():146] handle_request: keepalive
2024-01-24 13:00:35,181 DEBUG   HandlerThread:211937 [handler.py:handle_request():146] handle_request: partial_history
2024-01-24 13:00:35,184 DEBUG   SenderThread:211937 [sender.py:send():382] send: history
2024-01-24 13:00:35,184 DEBUG   SenderThread:211937 [sender.py:send_request():409] send_request: summary_record
2024-01-24 13:00:35,185 INFO    SenderThread:211937 [sender.py:_save_file():1403] saving file wandb-summary.json with policy end
2024-01-24 13:00:35,602 INFO    Thread-12 :211937 [dir_watcher.py:_on_file_modified():288] file/dir modified: /media/ruben/data/documents/unief/thesis/thesis_manta_ray/wandb/run-20240124_122545-ovoju8vt/files/wandb-summary.json
2024-01-24 13:00:37,356 DEBUG   HandlerThread:211937 [handler.py:handle_request():146] handle_request: internal_messages
2024-01-24 13:00:40,187 DEBUG   HandlerThread:211937 [handler.py:handle_request():146] handle_request: status_report
2024-01-24 13:00:42,597 DEBUG   HandlerThread:211937 [handler.py:handle_request():146] handle_request: keepalive
2024-01-24 13:00:45,188 DEBUG   HandlerThread:211937 [handler.py:handle_request():146] handle_request: status_report
2024-01-24 13:00:47,598 DEBUG   HandlerThread:211937 [handler.py:handle_request():146] handle_request: keepalive
2024-01-24 13:00:50,190 DEBUG   HandlerThread:211937 [handler.py:handle_request():146] handle_request: status_report
2024-01-24 13:00:52,338 DEBUG   SenderThread:211937 [sender.py:send():382] send: stats
2024-01-24 13:00:52,357 DEBUG   HandlerThread:211937 [handler.py:handle_request():146] handle_request: internal_messages
2024-01-24 13:00:55,340 DEBUG   HandlerThread:211937 [handler.py:handle_request():146] handle_request: status_report
2024-01-24 13:00:57,602 DEBUG   HandlerThread:211937 [handler.py:handle_request():146] handle_request: keepalive
2024-01-24 13:00:58,468 DEBUG   HandlerThread:211937 [handler.py:handle_request():146] handle_request: partial_history
2024-01-24 13:00:58,469 DEBUG   SenderThread:211937 [sender.py:send():382] send: history
2024-01-24 13:00:58,470 DEBUG   SenderThread:211937 [sender.py:send_request():409] send_request: summary_record
2024-01-24 13:00:58,470 INFO    SenderThread:211937 [sender.py:_save_file():1403] saving file wandb-summary.json with policy end
2024-01-24 13:00:58,614 INFO    Thread-12 :211937 [dir_watcher.py:_on_file_modified():288] file/dir modified: /media/ruben/data/documents/unief/thesis/thesis_manta_ray/wandb/run-20240124_122545-ovoju8vt/files/wandb-summary.json
2024-01-24 13:01:00,471 DEBUG   HandlerThread:211937 [handler.py:handle_request():146] handle_request: status_report
2024-01-24 13:01:02,605 DEBUG   HandlerThread:211937 [handler.py:handle_request():146] handle_request: keepalive
2024-01-24 13:01:05,472 DEBUG   HandlerThread:211937 [handler.py:handle_request():146] handle_request: status_report
2024-01-24 13:01:07,357 DEBUG   HandlerThread:211937 [handler.py:handle_request():146] handle_request: internal_messages
2024-01-24 13:01:10,473 DEBUG   HandlerThread:211937 [handler.py:handle_request():146] handle_request: status_report
2024-01-24 13:01:12,607 DEBUG   HandlerThread:211937 [handler.py:handle_request():146] handle_request: keepalive
2024-01-24 13:01:15,475 DEBUG   HandlerThread:211937 [handler.py:handle_request():146] handle_request: status_report
2024-01-24 13:01:17,609 DEBUG   HandlerThread:211937 [handler.py:handle_request():146] handle_request: keepalive
2024-01-24 13:01:19,819 DEBUG   HandlerThread:211937 [handler.py:handle_request():146] handle_request: partial_history
2024-01-24 13:01:19,821 DEBUG   SenderThread:211937 [sender.py:send():382] send: history
2024-01-24 13:01:19,821 DEBUG   SenderThread:211937 [sender.py:send_request():409] send_request: summary_record
2024-01-24 13:01:19,822 INFO    SenderThread:211937 [sender.py:_save_file():1403] saving file wandb-summary.json with policy end
2024-01-24 13:01:20,625 INFO    Thread-12 :211937 [dir_watcher.py:_on_file_modified():288] file/dir modified: /media/ruben/data/documents/unief/thesis/thesis_manta_ray/wandb/run-20240124_122545-ovoju8vt/files/wandb-summary.json
2024-01-24 13:01:20,823 DEBUG   HandlerThread:211937 [handler.py:handle_request():146] handle_request: status_report
2024-01-24 13:01:22,339 DEBUG   SenderThread:211937 [sender.py:send():382] send: stats
2024-01-24 13:01:22,357 DEBUG   HandlerThread:211937 [handler.py:handle_request():146] handle_request: internal_messages
2024-01-24 13:01:26,340 DEBUG   HandlerThread:211937 [handler.py:handle_request():146] handle_request: status_report
2024-01-24 13:01:27,521 DEBUG   SenderThread:211937 [sender.py:send():382] send: exit
2024-01-24 13:01:27,521 INFO    SenderThread:211937 [sender.py:send_exit():589] handling exit code: 255
2024-01-24 13:01:27,521 INFO    SenderThread:211937 [sender.py:send_exit():591] handling runtime: 2140
2024-01-24 13:01:27,522 INFO    SenderThread:211937 [sender.py:_save_file():1403] saving file wandb-summary.json with policy end
2024-01-24 13:01:27,522 INFO    SenderThread:211937 [sender.py:send_exit():597] send defer
2024-01-24 13:01:27,522 DEBUG   HandlerThread:211937 [handler.py:handle_request():146] handle_request: defer
2024-01-24 13:01:27,523 INFO    HandlerThread:211937 [handler.py:handle_request_defer():172] handle defer: 0
2024-01-24 13:01:27,523 DEBUG   SenderThread:211937 [sender.py:send_request():409] send_request: defer
2024-01-24 13:01:27,523 INFO    SenderThread:211937 [sender.py:send_request_defer():613] handle sender defer: 0
2024-01-24 13:01:27,523 INFO    SenderThread:211937 [sender.py:transition_state():617] send defer: 1
2024-01-24 13:01:27,524 DEBUG   HandlerThread:211937 [handler.py:handle_request():146] handle_request: defer
2024-01-24 13:01:27,524 INFO    HandlerThread:211937 [handler.py:handle_request_defer():172] handle defer: 1
2024-01-24 13:01:27,524 DEBUG   SenderThread:211937 [sender.py:send_request():409] send_request: defer
2024-01-24 13:01:27,524 INFO    SenderThread:211937 [sender.py:send_request_defer():613] handle sender defer: 1
2024-01-24 13:01:27,524 INFO    SenderThread:211937 [sender.py:transition_state():617] send defer: 2
2024-01-24 13:01:27,525 DEBUG   HandlerThread:211937 [handler.py:handle_request():146] handle_request: defer
2024-01-24 13:01:27,525 INFO    HandlerThread:211937 [handler.py:handle_request_defer():172] handle defer: 2
2024-01-24 13:01:27,525 INFO    HandlerThread:211937 [system_monitor.py:finish():203] Stopping system monitor
2024-01-24 13:01:27,526 DEBUG   SystemMonitor:211937 [system_monitor.py:_start():179] Finished system metrics aggregation loop
2024-01-24 13:01:27,526 DEBUG   SystemMonitor:211937 [system_monitor.py:_start():183] Publishing last batch of metrics
2024-01-24 13:01:27,527 INFO    HandlerThread:211937 [interfaces.py:finish():202] Joined cpu monitor
2024-01-24 13:01:27,527 INFO    HandlerThread:211937 [interfaces.py:finish():202] Joined disk monitor
2024-01-24 13:01:27,527 INFO    HandlerThread:211937 [interfaces.py:finish():202] Joined memory monitor
2024-01-24 13:01:27,527 INFO    HandlerThread:211937 [interfaces.py:finish():202] Joined network monitor
2024-01-24 13:01:27,528 DEBUG   SenderThread:211937 [sender.py:send_request():409] send_request: defer
2024-01-24 13:01:27,528 INFO    SenderThread:211937 [sender.py:send_request_defer():613] handle sender defer: 2
2024-01-24 13:01:27,528 INFO    SenderThread:211937 [sender.py:transition_state():617] send defer: 3
2024-01-24 13:01:27,528 DEBUG   HandlerThread:211937 [handler.py:handle_request():146] handle_request: defer
2024-01-24 13:01:27,528 INFO    HandlerThread:211937 [handler.py:handle_request_defer():172] handle defer: 3
2024-01-24 13:01:27,529 DEBUG   SenderThread:211937 [sender.py:send():382] send: stats
2024-01-24 13:01:27,529 DEBUG   SenderThread:211937 [sender.py:send_request():409] send_request: defer
2024-01-24 13:01:27,529 INFO    SenderThread:211937 [sender.py:send_request_defer():613] handle sender defer: 3
2024-01-24 13:01:27,529 INFO    SenderThread:211937 [sender.py:transition_state():617] send defer: 4
2024-01-24 13:01:27,529 DEBUG   HandlerThread:211937 [handler.py:handle_request():146] handle_request: defer
2024-01-24 13:01:27,529 INFO    HandlerThread:211937 [handler.py:handle_request_defer():172] handle defer: 4
2024-01-24 13:01:27,530 DEBUG   SenderThread:211937 [sender.py:send_request():409] send_request: defer
2024-01-24 13:01:27,530 INFO    SenderThread:211937 [sender.py:send_request_defer():613] handle sender defer: 4
2024-01-24 13:01:27,530 INFO    SenderThread:211937 [sender.py:transition_state():617] send defer: 5
2024-01-24 13:01:27,530 DEBUG   HandlerThread:211937 [handler.py:handle_request():146] handle_request: defer
2024-01-24 13:01:27,530 INFO    HandlerThread:211937 [handler.py:handle_request_defer():172] handle defer: 5
2024-01-24 13:01:27,531 DEBUG   SenderThread:211937 [sender.py:send():382] send: summary
2024-01-24 13:01:27,531 INFO    SenderThread:211937 [sender.py:_save_file():1403] saving file wandb-summary.json with policy end
2024-01-24 13:01:27,532 DEBUG   SenderThread:211937 [sender.py:send_request():409] send_request: defer
2024-01-24 13:01:27,532 INFO    SenderThread:211937 [sender.py:send_request_defer():613] handle sender defer: 5
2024-01-24 13:01:27,532 INFO    SenderThread:211937 [sender.py:transition_state():617] send defer: 6
2024-01-24 13:01:27,532 DEBUG   HandlerThread:211937 [handler.py:handle_request():146] handle_request: defer
2024-01-24 13:01:27,532 INFO    HandlerThread:211937 [handler.py:handle_request_defer():172] handle defer: 6
2024-01-24 13:01:27,533 DEBUG   SenderThread:211937 [sender.py:send_request():409] send_request: defer
2024-01-24 13:01:27,533 INFO    SenderThread:211937 [sender.py:send_request_defer():613] handle sender defer: 6
2024-01-24 13:01:27,533 INFO    SenderThread:211937 [sender.py:transition_state():617] send defer: 7
2024-01-24 13:01:27,533 DEBUG   HandlerThread:211937 [handler.py:handle_request():146] handle_request: status_report
2024-01-24 13:01:27,533 DEBUG   HandlerThread:211937 [handler.py:handle_request():146] handle_request: defer
2024-01-24 13:01:27,533 INFO    HandlerThread:211937 [handler.py:handle_request_defer():172] handle defer: 7
2024-01-24 13:01:27,534 DEBUG   SenderThread:211937 [sender.py:send_request():409] send_request: defer
2024-01-24 13:01:27,534 INFO    SenderThread:211937 [sender.py:send_request_defer():613] handle sender defer: 7
2024-01-24 13:01:27,629 INFO    Thread-12 :211937 [dir_watcher.py:_on_file_modified():288] file/dir modified: /media/ruben/data/documents/unief/thesis/thesis_manta_ray/wandb/run-20240124_122545-ovoju8vt/files/wandb-summary.json
2024-01-24 13:01:27,629 INFO    Thread-12 :211937 [dir_watcher.py:_on_file_created():271] file/dir created: /media/ruben/data/documents/unief/thesis/thesis_manta_ray/wandb/run-20240124_122545-ovoju8vt/files/output.log
2024-01-24 13:01:28,519 DEBUG   HandlerThread:211937 [handler.py:handle_request():146] handle_request: poll_exit
2024-01-24 13:01:29,486 INFO    SenderThread:211937 [sender.py:transition_state():617] send defer: 8
2024-01-24 13:01:29,487 DEBUG   SenderThread:211937 [sender.py:send_request():409] send_request: poll_exit
2024-01-24 13:01:29,487 DEBUG   HandlerThread:211937 [handler.py:handle_request():146] handle_request: defer
2024-01-24 13:01:29,488 INFO    HandlerThread:211937 [handler.py:handle_request_defer():172] handle defer: 8
2024-01-24 13:01:29,488 DEBUG   SenderThread:211937 [sender.py:send_request():409] send_request: defer
2024-01-24 13:01:29,488 INFO    SenderThread:211937 [sender.py:send_request_defer():613] handle sender defer: 8
2024-01-24 13:01:29,488 INFO    SenderThread:211937 [job_builder.py:build():296] Attempting to build job artifact
2024-01-24 13:01:29,489 INFO    SenderThread:211937 [job_builder.py:_get_source_type():426] is repo sourced job
2024-01-24 13:01:29,507 INFO    SenderThread:211937 [job_builder.py:build():402] adding wandb-job metadata file
2024-01-24 13:01:29,512 INFO    SenderThread:211937 [sender.py:transition_state():617] send defer: 9
2024-01-24 13:01:29,513 DEBUG   HandlerThread:211937 [handler.py:handle_request():146] handle_request: defer
2024-01-24 13:01:29,513 INFO    HandlerThread:211937 [handler.py:handle_request_defer():172] handle defer: 9
2024-01-24 13:01:29,513 DEBUG   SenderThread:211937 [sender.py:send():382] send: artifact
2024-01-24 13:01:29,519 DEBUG   HandlerThread:211937 [handler.py:handle_request():146] handle_request: poll_exit
2024-01-24 13:01:29,630 INFO    Thread-12 :211937 [dir_watcher.py:_on_file_modified():288] file/dir modified: /media/ruben/data/documents/unief/thesis/thesis_manta_ray/wandb/run-20240124_122545-ovoju8vt/files/output.log
2024-01-24 13:01:30,488 INFO    SenderThread:211937 [sender.py:send_artifact():1494] sent artifact job-git_github.com_ruvhaeck_thesis_manta_ray.git_evolution_simulation.py - {'id': 'QXJ0aWZhY3Q6Njk0MTE4MjUw', 'state': 'COMMITTED', 'artifactSequence': {'id': 'QXJ0aWZhY3RDb2xsZWN0aW9uOjEzMTA2OTgzMA==', 'latestArtifact': {'id': 'QXJ0aWZhY3Q6Njk0MTE4MjUw', 'versionIndex': 2}}}
2024-01-24 13:01:30,488 DEBUG   SenderThread:211937 [sender.py:send_request():409] send_request: defer
2024-01-24 13:01:30,488 INFO    SenderThread:211937 [sender.py:send_request_defer():613] handle sender defer: 9
2024-01-24 13:01:30,488 INFO    SenderThread:211937 [dir_watcher.py:finish():358] shutting down directory watcher
2024-01-24 13:01:30,632 INFO    SenderThread:211937 [dir_watcher.py:finish():388] scan: /media/ruben/data/documents/unief/thesis/thesis_manta_ray/wandb/run-20240124_122545-ovoju8vt/files
2024-01-24 13:01:30,633 INFO    SenderThread:211937 [dir_watcher.py:finish():402] scan save: /media/ruben/data/documents/unief/thesis/thesis_manta_ray/wandb/run-20240124_122545-ovoju8vt/files/config.yaml config.yaml
2024-01-24 13:01:30,633 INFO    SenderThread:211937 [dir_watcher.py:finish():402] scan save: /media/ruben/data/documents/unief/thesis/thesis_manta_ray/wandb/run-20240124_122545-ovoju8vt/files/output.log output.log
2024-01-24 13:01:30,634 INFO    SenderThread:211937 [dir_watcher.py:finish():402] scan save: /media/ruben/data/documents/unief/thesis/thesis_manta_ray/wandb/run-20240124_122545-ovoju8vt/files/requirements.txt requirements.txt
2024-01-24 13:01:30,640 INFO    SenderThread:211937 [dir_watcher.py:finish():402] scan save: /media/ruben/data/documents/unief/thesis/thesis_manta_ray/wandb/run-20240124_122545-ovoju8vt/files/wandb-metadata.json wandb-metadata.json
2024-01-24 13:01:30,641 INFO    SenderThread:211937 [dir_watcher.py:finish():402] scan save: /media/ruben/data/documents/unief/thesis/thesis_manta_ray/wandb/run-20240124_122545-ovoju8vt/files/wandb-summary.json wandb-summary.json
2024-01-24 13:01:30,642 INFO    SenderThread:211937 [sender.py:transition_state():617] send defer: 10
2024-01-24 13:01:30,642 DEBUG   SenderThread:211937 [sender.py:send_request():409] send_request: poll_exit
2024-01-24 13:01:30,643 DEBUG   HandlerThread:211937 [handler.py:handle_request():146] handle_request: defer
2024-01-24 13:01:30,643 INFO    HandlerThread:211937 [handler.py:handle_request_defer():172] handle defer: 10
2024-01-24 13:01:30,643 DEBUG   SenderThread:211937 [sender.py:send_request():409] send_request: defer
2024-01-24 13:01:30,643 INFO    SenderThread:211937 [sender.py:send_request_defer():613] handle sender defer: 10
2024-01-24 13:01:30,644 INFO    SenderThread:211937 [file_pusher.py:finish():175] shutting down file pusher
2024-01-24 13:01:31,306 INFO    wandb-upload_0:211937 [upload_job.py:push():131] Uploaded file /media/ruben/data/documents/unief/thesis/thesis_manta_ray/wandb/run-20240124_122545-ovoju8vt/files/config.yaml
2024-01-24 13:01:31,521 DEBUG   HandlerThread:211937 [handler.py:handle_request():146] handle_request: poll_exit
2024-01-24 13:01:31,522 DEBUG   SenderThread:211937 [sender.py:send_request():409] send_request: poll_exit
2024-01-24 13:01:31,614 INFO    wandb-upload_2:211937 [upload_job.py:push():131] Uploaded file /media/ruben/data/documents/unief/thesis/thesis_manta_ray/wandb/run-20240124_122545-ovoju8vt/files/requirements.txt
2024-01-24 13:01:31,616 INFO    wandb-upload_3:211937 [upload_job.py:push():131] Uploaded file /media/ruben/data/documents/unief/thesis/thesis_manta_ray/wandb/run-20240124_122545-ovoju8vt/files/wandb-summary.json
2024-01-24 13:01:32,524 DEBUG   HandlerThread:211937 [handler.py:handle_request():146] handle_request: poll_exit
2024-01-24 13:01:32,525 DEBUG   SenderThread:211937 [sender.py:send_request():409] send_request: poll_exit
2024-01-24 13:01:33,524 DEBUG   HandlerThread:211937 [handler.py:handle_request():146] handle_request: poll_exit
2024-01-24 13:01:33,525 DEBUG   SenderThread:211937 [sender.py:send_request():409] send_request: poll_exit
2024-01-24 13:01:34,527 DEBUG   HandlerThread:211937 [handler.py:handle_request():146] handle_request: poll_exit
2024-01-24 13:01:34,528 DEBUG   SenderThread:211937 [sender.py:send_request():409] send_request: poll_exit
2024-01-24 13:01:35,527 DEBUG   HandlerThread:211937 [handler.py:handle_request():146] handle_request: poll_exit
2024-01-24 13:01:35,529 DEBUG   SenderThread:211937 [sender.py:send_request():409] send_request: poll_exit
2024-01-24 13:01:36,531 DEBUG   HandlerThread:211937 [handler.py:handle_request():146] handle_request: status_report
2024-01-24 13:01:36,532 DEBUG   HandlerThread:211937 [handler.py:handle_request():146] handle_request: poll_exit
2024-01-24 13:01:36,533 DEBUG   SenderThread:211937 [sender.py:send_request():409] send_request: poll_exit
2024-01-24 13:01:37,532 DEBUG   HandlerThread:211937 [handler.py:handle_request():146] handle_request: poll_exit
2024-01-24 13:01:37,533 DEBUG   SenderThread:211937 [sender.py:send_request():409] send_request: poll_exit
2024-01-24 13:01:38,534 DEBUG   HandlerThread:211937 [handler.py:handle_request():146] handle_request: poll_exit
2024-01-24 13:01:38,535 DEBUG   SenderThread:211937 [sender.py:send_request():409] send_request: poll_exit
2024-01-24 13:01:39,536 DEBUG   HandlerThread:211937 [handler.py:handle_request():146] handle_request: poll_exit
2024-01-24 13:01:39,536 DEBUG   SenderThread:211937 [sender.py:send_request():409] send_request: poll_exit
2024-01-24 13:01:40,538 DEBUG   HandlerThread:211937 [handler.py:handle_request():146] handle_request: poll_exit
2024-01-24 13:01:40,539 DEBUG   SenderThread:211937 [sender.py:send_request():409] send_request: poll_exit
2024-01-24 13:01:41,539 DEBUG   HandlerThread:211937 [handler.py:handle_request():146] handle_request: poll_exit
2024-01-24 13:01:41,540 DEBUG   SenderThread:211937 [sender.py:send_request():409] send_request: poll_exit
2024-01-24 13:01:41,541 DEBUG   HandlerThread:211937 [handler.py:handle_request():146] handle_request: status_report
2024-01-24 13:01:42,542 DEBUG   HandlerThread:211937 [handler.py:handle_request():146] handle_request: poll_exit
2024-01-24 13:01:42,543 DEBUG   SenderThread:211937 [sender.py:send_request():409] send_request: poll_exit
2024-01-24 13:01:43,543 DEBUG   HandlerThread:211937 [handler.py:handle_request():146] handle_request: poll_exit
2024-01-24 13:01:43,545 DEBUG   SenderThread:211937 [sender.py:send_request():409] send_request: poll_exit
2024-01-24 13:01:44,545 DEBUG   HandlerThread:211937 [handler.py:handle_request():146] handle_request: poll_exit
2024-01-24 13:01:44,546 DEBUG   SenderThread:211937 [sender.py:send_request():409] send_request: poll_exit
2024-01-24 13:01:45,546 DEBUG   HandlerThread:211937 [handler.py:handle_request():146] handle_request: poll_exit
2024-01-24 13:01:45,548 DEBUG   SenderThread:211937 [sender.py:send_request():409] send_request: poll_exit
2024-01-24 13:01:46,548 DEBUG   HandlerThread:211937 [handler.py:handle_request():146] handle_request: poll_exit
2024-01-24 13:01:46,549 DEBUG   HandlerThread:211937 [handler.py:handle_request():146] handle_request: status_report
2024-01-24 13:01:46,550 DEBUG   SenderThread:211937 [sender.py:send_request():409] send_request: poll_exit
2024-01-24 13:01:47,549 DEBUG   HandlerThread:211937 [handler.py:handle_request():146] handle_request: poll_exit
2024-01-24 13:01:47,550 DEBUG   SenderThread:211937 [sender.py:send_request():409] send_request: poll_exit
2024-01-24 13:01:48,552 DEBUG   HandlerThread:211937 [handler.py:handle_request():146] handle_request: poll_exit
2024-01-24 13:01:48,552 DEBUG   SenderThread:211937 [sender.py:send_request():409] send_request: poll_exit
2024-01-24 13:01:49,554 DEBUG   HandlerThread:211937 [handler.py:handle_request():146] handle_request: poll_exit
2024-01-24 13:01:49,555 DEBUG   SenderThread:211937 [sender.py:send_request():409] send_request: poll_exit
2024-01-24 13:01:50,556 DEBUG   HandlerThread:211937 [handler.py:handle_request():146] handle_request: poll_exit
2024-01-24 13:01:50,557 DEBUG   SenderThread:211937 [sender.py:send_request():409] send_request: poll_exit
2024-01-24 13:01:51,557 DEBUG   HandlerThread:211937 [handler.py:handle_request():146] handle_request: poll_exit
2024-01-24 13:01:51,558 DEBUG   SenderThread:211937 [sender.py:send_request():409] send_request: poll_exit
2024-01-24 13:01:51,559 DEBUG   HandlerThread:211937 [handler.py:handle_request():146] handle_request: status_report
2024-01-24 13:01:52,504 INFO    wandb-upload_1:211937 [upload_job.py:push():131] Uploaded file /media/ruben/data/documents/unief/thesis/thesis_manta_ray/wandb/run-20240124_122545-ovoju8vt/files/output.log
2024-01-24 13:01:52,560 DEBUG   HandlerThread:211937 [handler.py:handle_request():146] handle_request: poll_exit
2024-01-24 13:01:52,560 DEBUG   SenderThread:211937 [sender.py:send_request():409] send_request: poll_exit
2024-01-24 13:01:52,705 INFO    Thread-11 (_thread_body):211937 [sender.py:transition_state():617] send defer: 11
2024-01-24 13:01:52,705 DEBUG   HandlerThread:211937 [handler.py:handle_request():146] handle_request: defer
2024-01-24 13:01:52,706 INFO    HandlerThread:211937 [handler.py:handle_request_defer():172] handle defer: 11
2024-01-24 13:01:52,706 DEBUG   SenderThread:211937 [sender.py:send_request():409] send_request: defer
2024-01-24 13:01:52,706 INFO    SenderThread:211937 [sender.py:send_request_defer():613] handle sender defer: 11
2024-01-24 13:01:52,706 INFO    SenderThread:211937 [file_pusher.py:join():181] waiting for file pusher
2024-01-24 13:01:52,707 INFO    SenderThread:211937 [sender.py:transition_state():617] send defer: 12
2024-01-24 13:01:52,707 DEBUG   HandlerThread:211937 [handler.py:handle_request():146] handle_request: defer
2024-01-24 13:01:52,707 INFO    HandlerThread:211937 [handler.py:handle_request_defer():172] handle defer: 12
2024-01-24 13:01:52,707 DEBUG   SenderThread:211937 [sender.py:send_request():409] send_request: defer
2024-01-24 13:01:52,708 INFO    SenderThread:211937 [sender.py:send_request_defer():613] handle sender defer: 12
2024-01-24 13:01:52,708 INFO    SenderThread:211937 [file_stream.py:finish():595] file stream finish called
2024-01-24 13:01:53,560 DEBUG   HandlerThread:211937 [handler.py:handle_request():146] handle_request: poll_exit
2024-01-24 13:01:58,565 DEBUG   HandlerThread:211937 [handler.py:handle_request():146] handle_request: keepalive
2024-01-24 13:02:03,568 DEBUG   HandlerThread:211937 [handler.py:handle_request():146] handle_request: keepalive
2024-01-24 13:02:08,573 DEBUG   HandlerThread:211937 [handler.py:handle_request():146] handle_request: keepalive
2024-01-24 13:02:13,576 DEBUG   HandlerThread:211937 [handler.py:handle_request():146] handle_request: keepalive
2024-01-24 13:02:18,581 DEBUG   HandlerThread:211937 [handler.py:handle_request():146] handle_request: keepalive
2024-01-24 13:02:23,585 DEBUG   HandlerThread:211937 [handler.py:handle_request():146] handle_request: keepalive
2024-01-24 13:02:28,589 DEBUG   HandlerThread:211937 [handler.py:handle_request():146] handle_request: keepalive
2024-01-24 13:02:33,593 DEBUG   HandlerThread:211937 [handler.py:handle_request():146] handle_request: keepalive
2024-01-24 13:02:38,597 DEBUG   HandlerThread:211937 [handler.py:handle_request():146] handle_request: keepalive
2024-01-24 13:02:43,599 DEBUG   HandlerThread:211937 [handler.py:handle_request():146] handle_request: keepalive
2024-01-24 13:02:48,603 DEBUG   HandlerThread:211937 [handler.py:handle_request():146] handle_request: keepalive
2024-01-24 13:02:52,753 WARNING FileStreamThread:211937 [file_stream.py:request_with_retry():668] requests_with_retry encountered retryable exception: HTTPSConnectionPool(host='api.wandb.ai', port=443): Read timed out. (read timeout=180). func: functools.partial(<bound method Session.post of <requests.sessions.Session object at 0x7fb4d224e950>>, timeout=180), args: ('https://api.wandb.ai/files/thesis_manta_ray/manta-ray/ovoju8vt/file_stream',), kwargs: {'json': {'complete': False, 'failed': False, 'dropped': 0, 'uploaded': []}}
2024-01-24 13:02:53,606 DEBUG   HandlerThread:211937 [handler.py:handle_request():146] handle_request: keepalive
2024-01-24 13:02:56,402 INFO    SenderThread:211937 [file_stream.py:finish():599] file stream finish is done
2024-01-24 13:02:56,402 INFO    SenderThread:211937 [sender.py:transition_state():617] send defer: 13
2024-01-24 13:02:56,402 DEBUG   SenderThread:211937 [sender.py:send_request():409] send_request: poll_exit
2024-01-24 13:02:56,402 DEBUG   HandlerThread:211937 [handler.py:handle_request():146] handle_request: defer
2024-01-24 13:02:56,403 INFO    HandlerThread:211937 [handler.py:handle_request_defer():172] handle defer: 13
2024-01-24 13:02:56,403 DEBUG   HandlerThread:211937 [handler.py:handle_request():146] handle_request: status_report
2024-01-24 13:02:56,403 DEBUG   SenderThread:211937 [sender.py:send_request():409] send_request: defer
2024-01-24 13:02:56,404 INFO    SenderThread:211937 [sender.py:send_request_defer():613] handle sender defer: 13
2024-01-24 13:02:56,404 INFO    SenderThread:211937 [sender.py:transition_state():617] send defer: 14
2024-01-24 13:02:56,404 DEBUG   HandlerThread:211937 [handler.py:handle_request():146] handle_request: defer
2024-01-24 13:02:56,404 INFO    HandlerThread:211937 [handler.py:handle_request_defer():172] handle defer: 14
2024-01-24 13:02:56,405 DEBUG   SenderThread:211937 [sender.py:send():382] send: final
2024-01-24 13:02:56,405 DEBUG   SenderThread:211937 [sender.py:send():382] send: footer
2024-01-24 13:02:56,405 DEBUG   SenderThread:211937 [sender.py:send_request():409] send_request: defer
2024-01-24 13:02:56,405 INFO    SenderThread:211937 [sender.py:send_request_defer():613] handle sender defer: 14
2024-01-24 13:02:56,406 DEBUG   HandlerThread:211937 [handler.py:handle_request():146] handle_request: poll_exit
2024-01-24 13:02:56,406 DEBUG   HandlerThread:211937 [handler.py:handle_request():146] handle_request: poll_exit
2024-01-24 13:02:56,407 DEBUG   HandlerThread:211937 [handler.py:handle_request():146] handle_request: server_info
2024-01-24 13:02:56,407 DEBUG   SenderThread:211937 [sender.py:send_request():409] send_request: poll_exit
2024-01-24 13:02:56,408 DEBUG   HandlerThread:211937 [handler.py:handle_request():146] handle_request: get_summary
2024-01-24 13:02:56,408 DEBUG   SenderThread:211937 [sender.py:send_request():409] send_request: poll_exit
2024-01-24 13:02:56,409 DEBUG   HandlerThread:211937 [handler.py:handle_request():146] handle_request: sampled_history
2024-01-24 13:02:56,409 DEBUG   SenderThread:211937 [sender.py:send_request():409] send_request: server_info
2024-01-24 13:02:56,410 DEBUG   HandlerThread:211937 [handler.py:handle_request():146] handle_request: internal_messages
2024-01-24 13:02:56,413 DEBUG   HandlerThread:211937 [handler.py:handle_request():146] handle_request: job_info
2024-01-24 13:02:56,811 DEBUG   SenderThread:211937 [sender.py:send_request():409] send_request: job_info
2024-01-24 13:02:56,812 INFO    MainThread:211937 [wandb_run.py:_footer_history_summary_info():3857] rendering history
2024-01-24 13:02:56,813 INFO    MainThread:211937 [wandb_run.py:_footer_history_summary_info():3889] rendering summary
2024-01-24 13:02:56,813 INFO    MainThread:211937 [wandb_run.py:_footer_sync_info():3816] logging synced files
2024-01-24 13:02:56,813 DEBUG   HandlerThread:211937 [handler.py:handle_request():146] handle_request: shutdown
2024-01-24 13:02:56,814 INFO    HandlerThread:211937 [handler.py:finish():869] shutting down handler
2024-01-24 13:02:57,414 INFO    WriterThread:211937 [datastore.py:close():296] close: /media/ruben/data/documents/unief/thesis/thesis_manta_ray/wandb/run-20240124_122545-ovoju8vt/run-ovoju8vt.wandb
2024-01-24 13:02:57,812 INFO    SenderThread:211937 [sender.py:finish():1572] shutting down sender
2024-01-24 13:02:57,812 INFO    SenderThread:211937 [file_pusher.py:finish():175] shutting down file pusher
2024-01-24 13:02:57,812 INFO    SenderThread:211937 [file_pusher.py:join():181] waiting for file pusher
